2025-08-08 13:02:02,648 - INFO - backend loaded: pyqt5
2025-08-08 13:02:03,501 - INFO - The pyqt5 backend is already loaded...``load_backend`` can only be called once per session
2025-08-08 13:02:03,531 - INFO - Ana uygulama başlatıldı.
2025-08-08 13:11:59,511 - INFO - backend loaded: pyqt5
2025-08-08 13:12:00,189 - INFO - The pyqt5 backend is already loaded...``load_backend`` can only be called once per session
2025-08-08 13:12:00,216 - INFO - Ana uygulama başlatıldı.
2025-08-08 13:12:26,900 - INFO - backend loaded: pyqt5
2025-08-08 13:12:27,765 - INFO - The pyqt5 backend is already loaded...``load_backend`` can only be called once per session
2025-08-08 13:12:27,788 - INFO - Ana uygulama başlatıldı.
2025-08-08 13:12:53,488 - INFO - backend loaded: pyqt5
2025-08-08 13:12:54,222 - INFO - The pyqt5 backend is already loaded...``load_backend`` can only be called once per session
2025-08-08 13:12:54,245 - INFO - Ana uygulama başlatıldı.
2025-08-08 13:13:07,659 - INFO - backend loaded: pyqt5
2025-08-08 13:13:08,345 - INFO - The pyqt5 backend is already loaded...``load_backend`` can only be called once per session
2025-08-08 13:13:08,375 - INFO - AR sunucusu başlatılıyor: C:/Users/halil/Desktop/boxr_cad/boxr_cad/gul2.glb
2025-08-08 13:19:19,906 - INFO - backend loaded: pyqt5
2025-08-08 13:19:20,656 - INFO - The pyqt5 backend is already loaded...``load_backend`` can only be called once per session
2025-08-08 13:19:20,678 - INFO - Ana uygulama başlatıldı.
2025-08-08 13:23:50,430 - INFO - backend loaded: pyqt5
2025-08-08 13:23:51,153 - INFO - The pyqt5 backend is already loaded...``load_backend`` can only be called once per session
2025-08-08 13:23:51,172 - INFO - Ana uygulama başlatıldı.
2025-08-08 13:26:31,746 - INFO - backend loaded: pyqt5
2025-08-08 13:26:32,530 - INFO - The pyqt5 backend is already loaded...``load_backend`` can only be called once per session
2025-08-08 13:26:32,546 - INFO - Ana uygulama başlatıldı.
2025-08-08 13:35:52,643 - INFO - backend loaded: pyqt5
2025-08-08 13:35:53,442 - INFO - The pyqt5 backend is already loaded...``load_backend`` can only be called once per session
2025-08-08 13:35:53,462 - INFO - Ana uygulama başlatıldı.
2025-08-08 13:38:07,072 - INFO - backend loaded: pyqt5
2025-08-08 13:38:07,823 - INFO - The pyqt5 backend is already loaded...``load_backend`` can only be called once per session
2025-08-08 13:38:07,857 - INFO - Ana uygulama başlatıldı.
2025-08-08 13:47:24,966 - INFO - backend loaded: pyqt5
2025-08-08 13:47:25,645 - INFO - The pyqt5 backend is already loaded...``load_backend`` can only be called once per session
2025-08-08 13:47:25,670 - INFO - Ana uygulama başlatıldı.
2025-08-08 13:48:04,856 - INFO - Katman olarak dosya ekleniyor: C:/Users/halil/Desktop/boxr_cad/boxr_cad/digiMODE.obj
2025-08-08 13:48:05,219 - INFO - Model başarıyla katman olarak yüklendi: C:/Users/halil/Desktop/boxr_cad/boxr_cad/digiMODE.obj
2025-08-08 13:51:47,286 - INFO - backend loaded: pyqt5
2025-08-08 13:51:48,091 - INFO - The pyqt5 backend is already loaded...``load_backend`` can only be called once per session
2025-08-08 13:51:48,118 - INFO - Ana uygulama başlatıldı.
2025-08-08 13:52:06,579 - INFO - backend loaded: pyqt5
2025-08-08 13:52:07,294 - INFO - The pyqt5 backend is already loaded...``load_backend`` can only be called once per session
2025-08-08 13:52:07,321 - INFO - Ana uygulama başlatıldı.
2025-08-08 13:54:38,757 - INFO - backend loaded: pyqt5
2025-08-08 13:54:39,507 - INFO - The pyqt5 backend is already loaded...``load_backend`` can only be called once per session
2025-08-08 13:54:39,532 - INFO - Ana uygulama başlatıldı.
